        -:    0:Source:api.cc
        -:    0:Programs:6
        -:    1://
        -:    2://  api.cc
        -:    3://  api
        -:    4://
        -:    5://  Created by Xw on 2017/5/31.
        -:    6://  Copyright © 2017年 Xw. All rights reserved.
        -:    7://
        -:    8:#include "api.h"
        -:    9:#include "template_function.h"
        -:   10:#include <algorithm>
        -:   11:#include <vector>
        -:   12:#include <iterator>
        -:   13:
        -:   14://构造函数
        1:   15:API::API(){}
        -:   16:
        -:   17://析构函数
        1:   18:API::~API(){}
        -:   19:
        -:   20://输入：表名、Where条件属性名、Where条件值域
        -:   21://输出：Table类型对象(包含对应的属性元组)
        -:   22://功能：返回包含所有目标属性满足Where条件的记录的表
        -:   23://在多条件查询情况下，根据Where下的逻辑条件进行Table的拼接
        -:   24://异常：由底层处理
        -:   25://如果表不存在，抛出table_not_exist异常
        -:   26://如果属性不存在，抛出attribute_not_exist异常
        -:   27://如果Where条件中的两个数据类型不匹配，抛出data_type_conflict异常
        3:   28:Table API::selectRecord(std::string table_name, std::vector<std::string> target_attr, std::vector<Where> where, char operation)
        -:   29:{
        3:   30:	if (target_attr.size() == 0) {
        1:   31:		return record.selectRecord(table_name);
        2:   32:	} else if (target_attr.size() == 1) {
        2:   33:        return record.selectRecord(table_name, target_attr[0], where[0]);
        -:   34:    } else {
    #####:   35:		Table table1 = record.selectRecord(table_name, target_attr[0], where[0]);
    #####:   36:		Table table2 = record.selectRecord(table_name, target_attr[1], where[1]);
        -:   37:
    #####:   38:		if (operation)
    #####:   39:			return joinTable(table1, table2, target_attr[0], where[0]);
        -:   40:		else
    #####:   41:			return unionTable(table1, table2, target_attr[0], where[0]);
        -:   42:	}
        -:   43:}
        -:   44://输入：表名、Where条件属性名、Where条件值域
        -:   45://输出：void
        -:   46://功能：删除对应条件下的Table内记录(不删除表文件)
        -:   47://异常：由底层处理
        -:   48://如果表不存在，抛出table_not_exist异常
        -:   49://如果属性不存在，抛出attribute_not_exist异常
        -:   50://如果Where条件中的两个数据类型不匹配，抛出data_type_conflict异常
        1:   51:int API::deleteRecord(std::string table_name , std::string target_attr , Where where)
        -:   52:{
        -:   53:    int result;
        1:   54:	if (target_attr == "")
    #####:   55:		result = record.deleteRecord(table_name);
        -:   56:	else
        1:   57:		result = record.deleteRecord(table_name, target_attr, where);
        1:   58:	return result;
        -:   59:}
        -:   60://输入：表名、一个元组对象
        -:   61://输出：void
        -:   62://功能：向对应表内插入一条记录
        -:   63://异常：由底层处理
        -:   64://如果元组类型不匹配，抛出tuple_type_conflict异常
        -:   65://如果主键冲突，抛出primary_key_conflict异常
        -:   66://如果unique属性冲突，抛出unique_conflict异常
        -:   67://如果表不存在，抛出table_not_exist异常
        2:   68:void API::insertRecord(std::string table_name , Tuple& tuple)
        -:   69:{
        2:   70:	record.insertRecord(table_name, tuple);
        2:   71:	return;
        -:   72:}
        -:   73://输入：Table类型对象
        -:   74://输出：是否创建成功
        -:   75://功能：在数据库中插入一个表的元信息
        -:   76://异常：由底层处理
        -:   77://如果已经有相同表名的表存在，则抛出table_exist异常
        1:   78:bool API::createTable(std::string table_name, Attribute attribute, int primary, Index index)
        -:   79:{
        1:   80:	record.createTableFile(table_name);
        1:   81:	catalog.createTable(table_name, attribute, primary, index);
        -:   82:
        1:   83:	return true;
        -:   84:}
        -:   85://输入：表名
        -:   86://输出：是否删除成功
        -:   87://功能：在数据库中删除一个表的元信息，及表内所有记录(删除表文件)
        -:   88://异常：由底层处理
        -:   89://如果表不存在，抛出table_not_exist异常
        1:   90:bool API::dropTable(std::string table_name)
        -:   91:{
        1:   92:	record.dropTableFile(table_name);
        1:   93:	catalog.dropTable(table_name);
        -:   94:
        1:   95:	return true;
        -:   96:}
        -:   97://输入：表名，索引名，属性名
        -:   98://输出：是否创建成功
        -:   99://功能：在数据库中更新对应表的索引信息（在指定属性上建立一个索引）
        -:  100://异常：由底层处理
        -:  101://如果表不存在，抛出table_not_exist异常
        -:  102://如果对应属性不存在，抛出attribute_not_exist异常
        -:  103://如果对应属性已经有了索引，抛出index_exist异常
        1:  104:bool API::createIndex(std::string table_name, std::string index_name, std::string attr_name)
        -:  105:{
        2:  106:    IndexManager index(table_name);
        -:  107:    
        3:  108:	std::string file_path = "INDEX_FILE_" + attr_name + "_" + table_name;
        -:  109:	int type;
        -:  110:
        1:  111:	catalog.createIndex(table_name, attr_name, index_name);
        1:  112:	Attribute attr = catalog.getAttribute(table_name);
        2:  113:	for (int i = 0; i < attr.num; i++) {
        2:  114:		if (attr.name[i] == attr_name) {
        1:  115:			type = (int)attr.type[i];
        1:  116:			break;
        -:  117:		}
        -:  118:	}
        1:  119:	index.createIndex(file_path, type);
        1:  120:	record.createIndex(index , table_name, attr_name);
        -:  121:
        2:  122:	return true;
        -:  123:}
        -:  124://输入：表名，索引名
        -:  125://输出：是否删除成功
        -:  126://功能：删除对应表的对应属性上的索引
        -:  127://异常：由底层处理
        -:  128://如果表不存在，抛出table_not_exist异常
        -:  129://如果对应属性不存在，抛出attribute_not_exist异常
        -:  130://如果对应属性没有索引，抛出index_not_exist异常
        1:  131:bool API::dropIndex(std::string table_name, std::string index_name)
        -:  132:{
        2:  133:    IndexManager index(table_name);
        -:  134:    
        3:  135:	std::string attr_name = catalog.IndextoAttr(table_name, index_name);
        3:  136:	std::string file_path = "INDEX_FILE_" + attr_name + "_" + table_name;
        -:  137:	int type;
        -:  138:
        1:  139:	Attribute attr = catalog.getAttribute(table_name);
        2:  140:	for (int i = 0; i < attr.num; i++) {
        2:  141:		if (attr.name[i] == attr_name) {
        1:  142:			type = (int)attr.type[i];
        1:  143:			break;
        -:  144:		}
        -:  145:	}
        1:  146:	index.dropIndex(file_path, type);
        1:  147:	catalog.dropIndex(table_name, index_name);
        -:  148:	
        1:  149:	file_path = "./database/index/" + file_path;
        1:  150:    remove(file_path.c_str());
        2:  151:	return true;
        -:  152:}
        -:  153:
        -:  154://私有函数，用于多条件查询时的or条件合并
    #####:  155:Table API::unionTable(Table &table1, Table &table2, std::string target_attr, Where where)
        -:  156:{
    #####:  157:	Table result_table(table1);
    #####:  158:    std::vector<Tuple>& result_tuple = result_table.getTuple();
    #####:  159:	std::vector<Tuple> tuple1 = table1.getTuple();
    #####:  160:	std::vector<Tuple> tuple2 = table2.getTuple();
    #####:  161:    result_tuple = tuple1;
        -:  162:
        -:  163:	//std::vector<Tuple>().swap(result_tuple);
        -:  164:
        -:  165:    int i;
    #####:  166:    Attribute attr = table1.getAttr();
    #####:  167:    for (i = 0; i < 32; i++)
    #####:  168:        if (attr.name[i] == target_attr)
    #####:  169:            break;
        -:  170:    
    #####:  171:    for (int j = 0; j < tuple2.size(); j++)
    #####:  172:        if (!isSatisfied(tuple2[j], i, where))
    #####:  173:            result_tuple.push_back(tuple2[j]);
        -:  174:    
    #####:  175:    std::sort(result_tuple.begin(), result_tuple.end(), sortcmp);
    #####:  176:    return result_table;
        -:  177:	//std::merge(tuple1.begin(), tuple1.end(), tuple2.begin(), tuple2.end(), std::back_inserter(result_tuple), sortcmp);
        -:  178:    //result_tuple.erase(unique(result_tuple.begin(), result_tuple.end(), calcmp), result_tuple.end());
        -:  179:    
        -:  180://    int i;
        -:  181://    for (i = 0; i < tuple1.size() && i < tuple2.size(); i++) {
        -:  182://        std::vector<Data> data1 = tuple1[i].getData();
        -:  183://        std::vector<Data> data2 = tuple2[i].getData();
        -:  184://        
        -:  185://        int j;
        -:  186://        for (j = 0; j < data1.size(); j++) {
        -:  187://            int flag = 0;
        -:  188://
        -:  189://            switch (data1[i].type) {
        -:  190://                case -1: {
        -:  191://                    if (data1[i].datai != data2[i].datai) {
        -:  192://                        if (data1[i].datai < data2[i].datai)
        -:  193://                            flag = 1;
        -:  194://                        else
        -:  195://                            flag = -1;
        -:  196://                    }
        -:  197://                } break;
        -:  198://                case 0: {
        -:  199://                    if (data1[i].dataf != data2[i].dataf) {
        -:  200://                        if (data1[i].dataf < data2[i].dataf)
        -:  201://                            flag = 1;
        -:  202://                        else
        -:  203://                            flag = -1;
        -:  204://                    }
        -:  205://                } break;
        -:  206://                default: {
        -:  207://                    if (data1[i].datas < data2[i].datas)
        -:  208://                        flag = 1;
        -:  209://                    else
        -:  210://                        flag = -1;
        -:  211://                } break;
        -:  212://            }
        -:  213://            
        -:  214://            if (flag)
        -:  215://                break;
        -:  216://        }
        -:  217://        
        -:  218://        switch (flag) {
        -:  219://            case 1:
        -:  220://        }
        -:  221://    }
        -:  222:}
        -:  223:
        -:  224://私有函数，用于多条件查询时的and条件合并
    #####:  225:Table API::joinTable(Table &table1, Table &table2, std::string target_attr, Where where)
        -:  226:{
    #####:  227:	Table result_table(table1);
    #####:  228:    std::vector<Tuple>& result_tuple = result_table.getTuple();
    #####:  229:	std::vector<Tuple> tuple1 = table1.getTuple();
    #####:  230:	std::vector<Tuple> tuple2 = table2.getTuple();
        -:  231:    
        -:  232:    int i;
    #####:  233:    Attribute attr = table1.getAttr();
    #####:  234:    for (i = 0; i < 32; i++)
    #####:  235:        if (attr.name[i] == target_attr)
    #####:  236:            break;
        -:  237:    
    #####:  238:    for (int j = 0; j < tuple2.size(); j++)
    #####:  239:        if (isSatisfied(tuple2[j], i, where))
    #####:  240:            result_tuple.push_back(tuple2[j]);
        -:  241:    
    #####:  242:    std::sort(result_tuple.begin(), result_tuple.end(), sortcmp);
    #####:  243:    return result_table;
        -:  244://	std::vector<Tuple>().swap(result_tuple);
        -:  245://	std::sort(tuple1.begin(), tuple1.end(), sortcmp);
        -:  246://	std::sort(tuple2.begin(), tuple2.end(), sortcmp);
        -:  247:
        -:  248:    //std::set_intersection(tuple1.begin(), tuple1.end(), tuple2.begin(), tuple2.end(), std::back_inserter(result_tuple), calcmp);
        -:  249:
        -:  250:	//return result_table;
        -:  251:}
        -:  252:
        -:  253://用于对vector的sort时排序
    #####:  254:bool sortcmp(const Tuple &tuple1, const Tuple &tuple2)
        -:  255:{
    #####:  256:	std::vector<Data> data1 = tuple1.getData();
    #####:  257:	std::vector<Data> data2 = tuple2.getData();
        -:  258:
    #####:  259:    switch (data1[0].type) {
    #####:  260:        case -1: return data1[0].datai < data2[0].datai;
    #####:  261:        case 0: return data1[0].dataf < data2[0].dataf;
    #####:  262:        default: return data1[0].datas < data2[0].datas;
        -:  263:    }
        -:  264:}
        -:  265:
        -:  266://用于对vector对合并时排序
    #####:  267:bool calcmp(const Tuple &tuple1, const Tuple &tuple2)
        -:  268:{
        -:  269:	int i;
        -:  270:
    #####:  271:	std::vector<Data> data1 = tuple1.getData();
    #####:  272:	std::vector<Data> data2 = tuple2.getData();
        -:  273:
    #####:  274:    for (i = 0; i < data1.size(); i++) {
    #####:  275:        bool flag = false;
    #####:  276:        switch (data1[0].type) {
    #####:  277:            case -1: {
    #####:  278:                if (data1[0].datai != data2[0].datai)
    #####:  279:                    flag = true;
    #####:  280:            }break;
    #####:  281:            case 0: {
    #####:  282:                if (data1[0].dataf != data2[0].dataf)
    #####:  283:                    flag = true;
    #####:  284:            }break;
    #####:  285:            default: {
    #####:  286:                if (data1[0].datas != data2[0].datas)
    #####:  287:                    flag = true;
    #####:  288:            }break;
        -:  289:        }
    #####:  290:		if (flag)
    #####:  291:			break;
        -:  292:    }
        -:  293:
        -:  294:
    #####:  295:	if (i == data1.size())
    #####:  296:		return true;
        -:  297:	else
    #####:  298:		return false;
        -:  299:}
        -:  300:
    #####:  301:bool isSatisfied(Tuple& tuple, int target_attr, Where where)
        -:  302:{
    #####:  303:    std::vector<Data> data = tuple.getData();
        -:  304:    
    #####:  305:    switch (where.relation_character) {
    #####:  306:        case LESS : {
    #####:  307:            switch (where.data.type) {
    #####:  308:                case -1 : return (data[target_attr].datai < where.data.datai); break;
    #####:  309:                case 0 : return (data[target_attr].dataf < where.data.dataf); break;
    #####:  310:                default: return (data[target_attr].datas < where.data.datas); break;
        -:  311:            }
        -:  312:        } break;
    #####:  313:        case LESS_OR_EQUAL : {
    #####:  314:            switch (where.data.type) {
    #####:  315:                case -1 : return (data[target_attr].datai <= where.data.datai); break;
    #####:  316:                case 0 : return (data[target_attr].dataf <= where.data.dataf); break;
    #####:  317:                default: return (data[target_attr].datas <= where.data.datas); break;
        -:  318:            }
        -:  319:        } break;
    #####:  320:        case EQUAL : {
    #####:  321:            switch (where.data.type) {
    #####:  322:                case -1 : return (data[target_attr].datai == where.data.datai); break;
    #####:  323:                case 0 : return (data[target_attr].dataf == where.data.dataf); break;
    #####:  324:                default: return (data[target_attr].datas == where.data.datas); break;
        -:  325:            }
        -:  326:        } break;
    #####:  327:        case GREATER_OR_EQUAL : {
    #####:  328:            switch (where.data.type) {
    #####:  329:                case -1 : return (data[target_attr].datai >= where.data.datai); break;
    #####:  330:                case 0 : return (data[target_attr].dataf >= where.data.dataf); break;
    #####:  331:                default: return (data[target_attr].datas >= where.data.datas); break;
        -:  332:            }
        -:  333:        } break;
    #####:  334:        case GREATER : {
    #####:  335:            switch (where.data.type) {
    #####:  336:                case -1 : return (data[target_attr].datai > where.data.datai); break;
    #####:  337:                case 0 : return (data[target_attr].dataf > where.data.dataf); break;
    #####:  338:                default: return (data[target_attr].datas > where.data.datas); break;
        -:  339:            }
        -:  340:        } break;
    #####:  341:        case NOT_EQUAL : {
    #####:  342:            switch (where.data.type) {
    #####:  343:                case -1 : return (data[target_attr].datai != where.data.datai); break;
    #####:  344:                case 0 : return (data[target_attr].dataf != where.data.dataf); break;
    #####:  345:                default: return (data[target_attr].datas != where.data.datas); break;
        -:  346:            }
        -:  347:        } break;
    #####:  348:        default:break;
        -:  349:    }
        -:  350:            
    #####:  351:    return false;
        -:  352:}
