        -:    0:Source:buffer_manager.cc
        -:    0:Programs:6
        -:    1://
        -:    2://  buffer_manager.cc
        -:    3://  buffer_manager
        -:    4://
        -:    5://  Created by Hys on 2017/5/21.
        -:    6://  Copyright © 2017年 Hys. All rights reserved.
        -:    7://
        -:    8:#include "buffer_manager.h"
        -:    9:
        -:   10:// Page类的实现
      100:   11:Page::Page() {
      100:   12:    initialize();
      100:   13:}
------------------
_ZN4PageC2Ev:
------------------
_ZN4PageC2Ev:
------------------
_ZN4PageC2Ev:
------------------
_ZN4PageC2Ev:
------------------
_ZN4PageC2Ev:
------------------
        -:   14:// 初始化
      106:   15:void Page::initialize() {
      106:   16:    file_name_ = "";
      106:   17:    block_id_ = -1;
      106:   18:    pin_count_ = -1;
      106:   19:    dirty_ = false;
      106:   20:    ref_ = false;
      106:   21:    avaliable_ = true;
   434282:   22:    for (int i = 0;i < PAGESIZE;i++) 
   434176:   23:        buffer_[i] = '\0';
      106:   24:}
------------------
_ZN4Page10initializeEv:
------------------
_ZN4Page10initializeEv:
------------------
_ZN4Page10initializeEv:
------------------
_ZN4Page10initializeEv:
------------------
_ZN4Page10initializeEv:
------------------
        -:   25:
        -:   26:// 下面是一些存取控制函数，较为简单就不赘述了
        6:   27:inline void Page::setFileName(std::string file_name) {
        6:   28:    file_name_ = file_name;
        6:   29:}
------------------
_ZN4Page11setFileNameENSt7__cxx1112basic_stringIcSt11char_traitsIcESaIcEEE:
------------------
_ZN4Page11setFileNameENSt7__cxx1112basic_stringIcSt11char_traitsIcESaIcEEE:
------------------
_ZN4Page11setFileNameENSt7__cxx1112basic_stringIcSt11char_traitsIcESaIcEEE:
------------------
_ZN4Page11setFileNameENSt7__cxx1112basic_stringIcSt11char_traitsIcESaIcEEE:
------------------
_ZN4Page11setFileNameENSt7__cxx1112basic_stringIcSt11char_traitsIcESaIcEEE:
------------------
        -:   30:
     1144:   31:inline std::string Page::getFileName() {
     1144:   32:    return file_name_;
        -:   33:}
------------------
_ZN4Page11getFileNameB5cxx11Ev:
------------------
_ZN4Page11getFileNameB5cxx11Ev:
------------------
_ZN4Page11getFileNameB5cxx11Ev:
------------------
_ZN4Page11getFileNameB5cxx11Ev:
------------------
_ZN4Page11getFileNameB5cxx11Ev:
------------------
        -:   34:
        6:   35:inline void Page::setBlockId(int block_id) {
        6:   36:    block_id_ = block_id;
        6:   37:}
------------------
_ZN4Page10setBlockIdEi:
------------------
_ZN4Page10setBlockIdEi:
------------------
_ZN4Page10setBlockIdEi:
------------------
_ZN4Page10setBlockIdEi:
------------------
_ZN4Page10setBlockIdEi:
------------------
        -:   38:
     1144:   39:inline int Page::getBlockId() {
     1144:   40:    return block_id_;
        -:   41:}
------------------
_ZN4Page10getBlockIdEv:
------------------
_ZN4Page10getBlockIdEv:
------------------
_ZN4Page10getBlockIdEv:
------------------
_ZN4Page10getBlockIdEv:
------------------
_ZN4Page10getBlockIdEv:
------------------
        -:   42:
        6:   43:inline void Page::setPinCount(int pin_count) {
        6:   44:    pin_count_ = pin_count;
        6:   45:}
------------------
_ZN4Page11setPinCountEi:
------------------
_ZN4Page11setPinCountEi:
------------------
_ZN4Page11setPinCountEi:
------------------
_ZN4Page11setPinCountEi:
------------------
_ZN4Page11setPinCountEi:
------------------
        -:   46:
    #####:   47:inline int Page::getPinCount() {
    #####:   48:    return pin_count_;
        -:   49:}
------------------
_ZN4Page11getPinCountEv:
------------------
_ZN4Page11getPinCountEv:
------------------
_ZN4Page11getPinCountEv:
------------------
_ZN4Page11getPinCountEv:
------------------
_ZN4Page11getPinCountEv:
------------------
        -:   50:
       18:   51:inline void Page::setDirty(bool dirty) {
       18:   52:    dirty_ = dirty;
       18:   53:}
------------------
_ZN4Page8setDirtyEb:
------------------
_ZN4Page8setDirtyEb:
------------------
_ZN4Page8setDirtyEb:
------------------
_ZN4Page8setDirtyEb:
------------------
_ZN4Page8setDirtyEb:
------------------
        -:   54:
    #####:   55:inline bool Page::getDirty() {
    #####:   56:    return dirty_;
        -:   57:}
------------------
_ZN4Page8getDirtyEv:
------------------
_ZN4Page8getDirtyEv:
------------------
_ZN4Page8getDirtyEv:
------------------
_ZN4Page8getDirtyEv:
------------------
_ZN4Page8getDirtyEv:
------------------
        -:   58:
      350:   59:inline void Page::setRef(bool ref) {
      350:   60:    ref_ = ref;
      350:   61:}
------------------
_ZN4Page6setRefEb:
------------------
_ZN4Page6setRefEb:
------------------
_ZN4Page6setRefEb:
------------------
_ZN4Page6setRefEb:
------------------
_ZN4Page6setRefEb:
------------------
        -:   62:
    #####:   63:inline bool Page::getRef() {
    #####:   64:    return ref_;
        -:   65:}
------------------
_ZN4Page6getRefEv:
------------------
_ZN4Page6getRefEv:
------------------
_ZN4Page6getRefEv:
------------------
_ZN4Page6getRefEv:
------------------
_ZN4Page6getRefEv:
------------------
        -:   66:
        6:   67:inline void Page::setAvaliable(bool avaliable) {
        6:   68:    avaliable_ = avaliable;
        6:   69:}
------------------
_ZN4Page12setAvaliableEb:
------------------
_ZN4Page12setAvaliableEb:
------------------
_ZN4Page12setAvaliableEb:
------------------
_ZN4Page12setAvaliableEb:
------------------
_ZN4Page12setAvaliableEb:
------------------
        -:   70:
       21:   71:inline bool Page::getAvaliable() {
       21:   72:    return avaliable_;
        -:   73:}
------------------
_ZN4Page12getAvaliableEv:
------------------
_ZN4Page12getAvaliableEv:
------------------
_ZN4Page12getAvaliableEv:
------------------
_ZN4Page12getAvaliableEv:
------------------
_ZN4Page12getAvaliableEv:
------------------
        -:   74:
      350:   75:inline char* Page::getBuffer() {
      350:   76:    return buffer_;
        -:   77:}
------------------
_ZN4Page9getBufferEv:
------------------
_ZN4Page9getBufferEv:
------------------
_ZN4Page9getBufferEv:
------------------
_ZN4Page9getBufferEv:
------------------
_ZN4Page9getBufferEv:
------------------
        -:   78:
        -:   79:// BufferManager类的实现
        -:   80:// 构造函数均调用实际初始化函数完成初始化
        1:   81:BufferManager::BufferManager() {
        1:   82:    initialize(MAXFRAMESIZE);
        1:   83:}
------------------
_ZN13BufferManagerC2Ev:
------------------
_ZN13BufferManagerC2Ev:
------------------
_ZN13BufferManagerC2Ev:
------------------
_ZN13BufferManagerC2Ev:
------------------
_ZN13BufferManagerC2Ev:
------------------
        -:   84:
    #####:   85:BufferManager::BufferManager(int frame_size) {
    #####:   86:    initialize(frame_size);
    #####:   87:}
------------------
_ZN13BufferManagerC2Ei:
------------------
_ZN13BufferManagerC2Ei:
------------------
_ZN13BufferManagerC2Ei:
------------------
_ZN13BufferManagerC2Ei:
------------------
_ZN13BufferManagerC2Ei:
------------------
        -:   88:
        -:   89:// 析构函数非常重要。在程序结束时需要将缓冲池里的所有页写回磁盘。
    #####:   90:BufferManager::~BufferManager() {
    #####:   91:    for (int i = 0;i < frame_size_;i++) {
    #####:   92:        std::string file_name;
        -:   93:        int block_id;
    #####:   94:        file_name = Frames[i].getFileName();
    #####:   95:        block_id = Frames[i].getBlockId();
    #####:   96:        flushPage(i , file_name , block_id);
        -:   97:    }
    #####:   98:}
------------------
_ZN13BufferManagerD2Ev:
------------------
_ZN13BufferManagerD2Ev:
------------------
_ZN13BufferManagerD2Ev:
------------------
_ZN13BufferManagerD2Ev:
------------------
_ZN13BufferManagerD2Ev:
------------------
        -:   99:
        -:  100:// 实际初始化函数
        1:  101:void BufferManager::initialize(int frame_size) {
     101*:  102:    Frames = new Page[frame_size];//在堆上分配内存
        1:  103:    frame_size_ = frame_size;
        1:  104:    current_position_ = 0;
        1:  105:}
------------------
_ZN13BufferManager10initializeEi:
------------------
_ZN13BufferManager10initializeEi:
------------------
_ZN13BufferManager10initializeEi:
------------------
_ZN13BufferManager10initializeEi:
------------------
_ZN13BufferManager10initializeEi:
------------------
        -:  106:
        -:  107:// 下面几个函数较为简单，也不赘述了
      344:  108:char* BufferManager::getPage(std::string file_name , int block_id) {
      344:  109:    int page_id = getPageId(file_name , block_id);
      344:  110:    if (page_id == -1) {
        6:  111:        page_id = getEmptyPageId();
        6:  112:        loadDiskBlock(page_id , file_name , block_id);
        -:  113:    }
      344:  114:    Frames[page_id].setRef(true);
      344:  115:    return Frames[page_id].getBuffer();
        -:  116:}
------------------
_ZN13BufferManager7getPageENSt7__cxx1112basic_stringIcSt11char_traitsIcESaIcEEEi:
------------------
_ZN13BufferManager7getPageENSt7__cxx1112basic_stringIcSt11char_traitsIcESaIcEEEi:
------------------
_ZN13BufferManager7getPageENSt7__cxx1112basic_stringIcSt11char_traitsIcESaIcEEEi:
------------------
_ZN13BufferManager7getPageENSt7__cxx1112basic_stringIcSt11char_traitsIcESaIcEEEi:
------------------
_ZN13BufferManager7getPageENSt7__cxx1112basic_stringIcSt11char_traitsIcESaIcEEEi:
------------------
        -:  117:
       12:  118:void BufferManager::modifyPage(int page_id) {
       12:  119:    Frames[page_id].setDirty(true);
       12:  120:}
------------------
_ZN13BufferManager10modifyPageEi:
------------------
_ZN13BufferManager10modifyPageEi:
------------------
_ZN13BufferManager10modifyPageEi:
------------------
_ZN13BufferManager10modifyPageEi:
------------------
_ZN13BufferManager10modifyPageEi:
------------------
        -:  121:
    #####:  122:void BufferManager::pinPage(int page_id) {
    #####:  123:    int pin_count = Frames[page_id].getPinCount();
    #####:  124:    Frames[page_id].setPinCount(pin_count + 1);
    #####:  125:}
------------------
_ZN13BufferManager7pinPageEi:
------------------
_ZN13BufferManager7pinPageEi:
------------------
_ZN13BufferManager7pinPageEi:
------------------
_ZN13BufferManager7pinPageEi:
------------------
_ZN13BufferManager7pinPageEi:
------------------
        -:  126:
    #####:  127:int BufferManager::unpinPage(int page_id) {
    #####:  128:    int pin_count = Frames[page_id].getPinCount();
    #####:  129:    if (pin_count <= 0) 
    #####:  130:        return -1;
        -:  131:    else
    #####:  132:        Frames[page_id].setPinCount(pin_count - 1);
    #####:  133:    return 0;
        -:  134:}
------------------
_ZN13BufferManager9unpinPageEi:
------------------
_ZN13BufferManager9unpinPageEi:
------------------
_ZN13BufferManager9unpinPageEi:
------------------
_ZN13BufferManager9unpinPageEi:
------------------
_ZN13BufferManager9unpinPageEi:
------------------
        -:  135:
        -:  136:// 核心函数之一。内存和磁盘交互的接口。
        6:  137:int BufferManager::loadDiskBlock(int page_id , std::string file_name , int block_id) {
        -:  138:    // 初始化一个页
        6:  139:    Frames[page_id].initialize();
        -:  140:    // 打开磁盘文件
        6:  141:    FILE* f = fopen(file_name.c_str() , "r");
        -:  142:    // 打开失败返回-1
        6:  143:    if (f == NULL)
    #####:  144:        return -1;
        -:  145:    // 将文件指针定位到对应位置
        6:  146:    fseek(f , PAGESIZE * block_id , SEEK_SET);
        -:  147:    // 获取页的句柄
        6:  148:    char* buffer = Frames[page_id].getBuffer();
        -:  149:    // 读取对应磁盘块到内存页
        6:  150:    fread(buffer , PAGESIZE , 1 , f);
        -:  151:    // 关闭文件
        6:  152:    fclose(f);
        -:  153:    // 对新载入的页进行相应设置
        6:  154:    Frames[page_id].setFileName(file_name);
        6:  155:    Frames[page_id].setBlockId(block_id);
        6:  156:    Frames[page_id].setPinCount(1);
        6:  157:    Frames[page_id].setDirty(false);
        6:  158:    Frames[page_id].setRef(true);
        6:  159:    Frames[page_id].setAvaliable(false);
        6:  160:    return 0;
        -:  161:}
------------------
_ZN13BufferManager13loadDiskBlockEiNSt7__cxx1112basic_stringIcSt11char_traitsIcESaIcEEEi:
------------------
_ZN13BufferManager13loadDiskBlockEiNSt7__cxx1112basic_stringIcSt11char_traitsIcESaIcEEEi:
------------------
_ZN13BufferManager13loadDiskBlockEiNSt7__cxx1112basic_stringIcSt11char_traitsIcESaIcEEEi:
------------------
_ZN13BufferManager13loadDiskBlockEiNSt7__cxx1112basic_stringIcSt11char_traitsIcESaIcEEEi:
------------------
_ZN13BufferManager13loadDiskBlockEiNSt7__cxx1112basic_stringIcSt11char_traitsIcESaIcEEEi:
------------------
        -:  162:
        -:  163:// 核心函数之一。内存和磁盘交互的接口。
    #####:  164:int BufferManager::flushPage(int page_id , std::string file_name , int block_id) {
        -:  165:    // 打开文件
    #####:  166:    FILE* f = fopen(file_name.c_str() , "r+");
        -:  167:    // 其实这里有写多余，因为打开一个文件读总是能成功。
    #####:  168:    if (f == NULL)
    #####:  169:        return -1; 
        -:  170:    // 将文件指针定位到对应位置
    #####:  171:    fseek(f , PAGESIZE * block_id , SEEK_SET);
        -:  172:    // 获取页的句柄
    #####:  173:    char* buffer = Frames[page_id].getBuffer();
        -:  174:    // 将内存页的内容写入磁盘块
    #####:  175:    fwrite(buffer , PAGESIZE , 1 , f);
        -:  176:    // 关闭文件
    #####:  177:    fclose(f);
    #####:  178:    return 0;
        -:  179:}
------------------
_ZN13BufferManager9flushPageEiNSt7__cxx1112basic_stringIcSt11char_traitsIcESaIcEEEi:
------------------
_ZN13BufferManager9flushPageEiNSt7__cxx1112basic_stringIcSt11char_traitsIcESaIcEEEi:
------------------
_ZN13BufferManager9flushPageEiNSt7__cxx1112basic_stringIcSt11char_traitsIcESaIcEEEi:
------------------
_ZN13BufferManager9flushPageEiNSt7__cxx1112basic_stringIcSt11char_traitsIcESaIcEEEi:
------------------
_ZN13BufferManager9flushPageEiNSt7__cxx1112basic_stringIcSt11char_traitsIcESaIcEEEi:
------------------
        -:  180:
        -:  181:// 简单遍历获取页号
      356:  182:int BufferManager::getPageId(std::string file_name , int block_id) {
     1150:  183:    for (int i = 0;i < frame_size_;i++) {
     1144:  184:        std::string tmp_file_name = Frames[i].getFileName();
     1144:  185:        int tmp_block_id = Frames[i].getBlockId();
     1144:  186:        if (tmp_file_name == file_name && tmp_block_id == block_id)
      350:  187:            return i;
        -:  188:    }
        6:  189:    return -1;
        -:  190:}
------------------
_ZN13BufferManager9getPageIdENSt7__cxx1112basic_stringIcSt11char_traitsIcESaIcEEEi:
------------------
_ZN13BufferManager9getPageIdENSt7__cxx1112basic_stringIcSt11char_traitsIcESaIcEEEi:
------------------
_ZN13BufferManager9getPageIdENSt7__cxx1112basic_stringIcSt11char_traitsIcESaIcEEEi:
------------------
_ZN13BufferManager9getPageIdENSt7__cxx1112basic_stringIcSt11char_traitsIcESaIcEEEi:
------------------
_ZN13BufferManager9getPageIdENSt7__cxx1112basic_stringIcSt11char_traitsIcESaIcEEEi:
------------------
        -:  191:
        -:  192:// 寻找一个闲置的页
        6:  193:int BufferManager::getEmptyPageId() {
        -:  194:    // 先简单的遍历一遍，如果有闲置的直接返回其页号
       21:  195:    for (int i = 0;i < frame_size_;i++) {
       21:  196:        if (Frames[i].getAvaliable() == true)
        6:  197:            return i;
        -:  198:    }
        -:  199:    // 如果所有页都已经被使用，那么需要找到一个页，将其删除掉。
        -:  200:    // 这里需要使用一些策略来选择哪一个页应该被删除。
        -:  201:    // 本程序中采用时钟替换策略。
        -:  202:    while (1) {
        -:  203:        // 如果页的ref为true，将其设为false
    #####:  204:        if (Frames[current_position_].getRef() == true) {
    #####:  205:            Frames[current_position_].setRef(false);
        -:  206:        }
        -:  207:        // 否则，如果页对应的pin_count为0，即页没有被锁住，那么这一页就
        -:  208:        // 会被删除。
    #####:  209:        else if (Frames[current_position_].getPinCount() == 0) {
        -:  210:            // 如果这一页被改动过，需要将其写回磁盘，然后删除
    #####:  211:            if (Frames[current_position_].getDirty() == true) {
    #####:  212:                std::string file_name = Frames[current_position_].getFileName();
    #####:  213:                int block_id = Frames[current_position_].getBlockId();
    #####:  214:                flushPage(current_position_ , file_name , block_id);
        -:  215:            }
        -:  216:            // 删除页
    #####:  217:            Frames[current_position_].initialize();
        -:  218:            // 返回页号
    #####:  219:            return current_position_;
        -:  220:        }
        -:  221:        // 时钟指针顺时针转动
    #####:  222:        current_position_ = (current_position_ + 1) % frame_size_;
    #####:  223:    }
        -:  224:}
------------------
_ZN13BufferManager14getEmptyPageIdEv:
------------------
_ZN13BufferManager14getEmptyPageIdEv:
------------------
_ZN13BufferManager14getEmptyPageIdEv:
------------------
_ZN13BufferManager14getEmptyPageIdEv:
------------------
_ZN13BufferManager14getEmptyPageIdEv:
------------------
        -:  225:
    #####:  226:void BufferManager::clear() {
    #####:  227:    for (int i = 0; i < frame_size_; i++) {
    #####:  228:        Frames[i].initialize();
        -:  229:    }
    #####:  230:    current_position_ = 0;
    #####:  231:}
------------------
_ZN13BufferManager5clearEv:
------------------
_ZN13BufferManager5clearEv:
------------------
_ZN13BufferManager5clearEv:
------------------
_ZN13BufferManager5clearEv:
------------------
_ZN13BufferManager5clearEv:
------------------
