        -:    0:Source:index_manager.cc
        -:    0:Programs:6
        -:    1://
        -:    2://  index_manager.cc
        -:    3://  index_manager
        -:    4://
        -:    5://  Created by Xw on 2017/6/5.
        -:    6://  Copyright © 2017年 Xw. All rights reserved.
        -:    7://
        -:    8:
        -:    9:#include "index_manager.h"
        -:   10:#include "const.h"
        -:   11:#include "basic.h"
        -:   12:#include "buffer_manager.h"
        -:   13:#include "bplustree.h"
        -:   14:#include "catalog_manager.h"
        -:   15:#include <string>
        -:   16:#include <vector>
        -:   17:#include <map>
        -:   18:
        5:   19:IndexManager::IndexManager(std:: string table_name)
        -:   20:{
        -:   21:    CatalogManager catalog;
       10:   22:    Attribute attr = catalog.getAttribute(table_name);
        -:   23:    
       20:   24:    for (int i = 0; i < attr.num; i++)
       15:   25:        if (attr.has_index[i])
        2:   26:            createIndex("INDEX_FILE_" + attr.name[i] + "_" + table_name, attr.type[i]);
        5:   27:}
------------------
_ZN12IndexManagerC2ENSt7__cxx1112basic_stringIcSt11char_traitsIcESaIcEEE:
------------------
_ZN12IndexManagerC2ENSt7__cxx1112basic_stringIcSt11char_traitsIcESaIcEEE:
------------------
_ZN12IndexManagerC2ENSt7__cxx1112basic_stringIcSt11char_traitsIcESaIcEEE:
------------------
        -:   28:
    #####:   29:IndexManager::~IndexManager()
        -:   30:{
       5*:   31:    for (intMap::iterator itInt = indexIntMap.begin(); itInt != indexIntMap.end(); itInt++) {
       5*:   32:        if (itInt->second) {
    #####:   33:            itInt->second->writtenbackToDiskAll();
    #####:   34:            delete itInt->second;
        -:   35:        }
        -:   36:    }
        2:   37:    for (stringMap::iterator itString = indexStringMap.begin(); itString != indexStringMap.end(); itString++) {
        5:   38:        if (itString->second) {
        2:   39:            itString->second->writtenbackToDiskAll();
        2:   40:            delete itString->second;
        -:   41:        }
        -:   42:    }
       2*:   43:    for (floatMap::iterator itFloat = indexFloatMap.begin(); itFloat != indexFloatMap.end(); itFloat++) {
       5*:   44:        if(itFloat->second) {
    #####:   45:            itFloat->second->writtenbackToDiskAll();
    #####:   46:            delete itFloat->second;
        -:   47:        }
        -:   48:    }
        5:   49:}
------------------
_ZN12IndexManagerD2Ev:
------------------
_ZN12IndexManagerD2Ev:
------------------
_ZN12IndexManagerD2Ev:
------------------
        -:   50:
        3:   51:void IndexManager::createIndex(std::string file_path, int type)
        -:   52:{
        3:   53:    int key_size = getKeySize(type); //获取key的size
        3:   54:    int degree = getDegree(type); //获取需要的degree
        -:   55:
        -:   56:	//根据数据类型不同，用对应的方法建立映射关系
        -:   57:	//并且先初始化一颗B+树
        3:   58:    if (type == TYPE_INT) {
    #####:   59:        BPlusTree<int> *tree = new BPlusTree<int>(file_path, key_size, degree);
    #####:   60:        indexIntMap.insert(intMap::value_type(file_path, tree));
        3:   61:    } else if(type == TYPE_FLOAT) {
       3*:   62:        BPlusTree<float> *tree = new BPlusTree<float>(file_path, key_size, degree);
    #####:   63:        indexFloatMap.insert(floatMap::value_type(file_path, tree));
        -:   64:    } else {
    #####:   65:        BPlusTree<std::string> *tree = new BPlusTree<std::string>(file_path, key_size, degree);
        3:   66:        indexStringMap.insert(stringMap::value_type(file_path, tree));
        -:   67:    }
        -:   68:
        3:   69:	return;
        -:   70:}
------------------
_ZN12IndexManager11createIndexENSt7__cxx1112basic_stringIcSt11char_traitsIcESaIcEEEi:
------------------
_ZN12IndexManager11createIndexENSt7__cxx1112basic_stringIcSt11char_traitsIcESaIcEEEi:
------------------
_ZN12IndexManager11createIndexENSt7__cxx1112basic_stringIcSt11char_traitsIcESaIcEEEi:
------------------
        -:   71:
        1:   72:void IndexManager::dropIndex(std::string file_path, int type)
        -:   73:{
        -:   74:	//根据不同数据类型采用对应的处理方式
        1:   75:    if (type == TYPE_INT) {
        -:   76:		//查找路径对应的键值对
    #####:   77:        intMap::iterator itInt = indexIntMap.find(file_path);
    #####:   78:        if (itInt == indexIntMap.end()) { //未找到
        -:   79:            // cout << "Error:in drop index, no index " << file_path <<" exits" << endl;
    #####:   80:			return;
        -:   81:        } else {
        -:   82:            //删除对应的B+树
    #####:   83:            delete itInt->second;
        -:   84:			//清空该键值对
    #####:   85:            indexIntMap.erase(itInt);
        -:   86:        }
        1:   87:    } else if (type == TYPE_FLOAT) { //同上
    #####:   88:        floatMap::iterator itFloat = indexFloatMap.find(file_path);
    #####:   89:        if (itFloat == indexFloatMap.end()) {
        -:   90:            // cout << "Error:in drop index, no index " << file_path <<" exits" << endl;
    #####:   91:            return;
        -:   92:        } else {
    #####:   93:            delete itFloat->second;
    #####:   94:            indexFloatMap.erase(itFloat);
        -:   95:        }
        -:   96:    } else {
        1:   97:        stringMap::iterator itString = indexStringMap.find(file_path);
        1:   98:        if (itString == indexStringMap.end()) { //同上
        -:   99:            // cout << "Error:in drop index, no index " << file_path <<" exits" << endl;
    #####:  100:            return;
        -:  101:        } else {
        1:  102:            delete itString->second;
        1:  103:            indexStringMap.erase(itString);
        -:  104:        }
        -:  105:    }
        -:  106:
        1:  107:	return;
        -:  108:}
------------------
_ZN12IndexManager9dropIndexENSt7__cxx1112basic_stringIcSt11char_traitsIcESaIcEEEi:
------------------
_ZN12IndexManager9dropIndexENSt7__cxx1112basic_stringIcSt11char_traitsIcESaIcEEEi:
------------------
_ZN12IndexManager9dropIndexENSt7__cxx1112basic_stringIcSt11char_traitsIcESaIcEEEi:
------------------
        -:  109:
    #####:  110:int IndexManager::findIndex(std::string file_path, Data data)
        -:  111:{
        -:  112:    //setKey(type, key);
        -:  113:
    #####:  114:    if (data.type == TYPE_INT) {
    #####:  115:        intMap::iterator itInt = indexIntMap.find(file_path);
    #####:  116:        if (itInt == indexIntMap.end()) { //未找到
        -:  117:            // cout << "Error:in search index, no index " << file_path <<" exits" << endl;
    #####:  118:            return -1;
        -:  119:        } else
        -:  120:            //找到则返回对应的键值
    #####:  121:            return itInt->second->searchVal(data.datai);
    #####:  122:    } else if(data.type == TYPE_FLOAT) {
    #####:  123:        floatMap::iterator itFloat = indexFloatMap.find(file_path);
    #####:  124:        if (itFloat == indexFloatMap.end()) { //同上
        -:  125:            // cout << "Error:in search index, no index " << file_path <<" exits" << endl;
    #####:  126:            return -1;
        -:  127:        } else
    #####:  128:            return itFloat->second->searchVal(data.dataf);
        -:  129:    } else {
    #####:  130:        stringMap::iterator itString = indexStringMap.find(file_path);
    #####:  131:        if (itString == indexStringMap.end()) { //同上
        -:  132:            // cout << "Error:in search index, no index " << file_path <<" exits" << endl;
    #####:  133:            return -1;
        -:  134:        } else
    #####:  135:            return itString->second->searchVal(data.datas);
        -:  136:    }
        -:  137:}
------------------
_ZN12IndexManager9findIndexENSt7__cxx1112basic_stringIcSt11char_traitsIcESaIcEEE4Data:
------------------
_ZN12IndexManager9findIndexENSt7__cxx1112basic_stringIcSt11char_traitsIcESaIcEEE4Data:
------------------
_ZN12IndexManager9findIndexENSt7__cxx1112basic_stringIcSt11char_traitsIcESaIcEEE4Data:
------------------
        -:  138:
        2:  139:void IndexManager::insertIndex(std::string file_path, Data data, int block_id)
        -:  140:{
        -:  141:    //setKey(type, key);
        -:  142:
        2:  143:    if (data.type == TYPE_INT) {
    #####:  144:        intMap::iterator itInt = indexIntMap.find(file_path);
    #####:  145:        if (itInt == indexIntMap.end()) {
        -:  146:            // cout << "Error:in search index, no index " << file_path <<" exits" << endl;
    #####:  147:            return;
        -:  148:        } else
    #####:  149:            itInt->second->insertKey(data.datai, block_id);
        2:  150:    } else if (data.type == TYPE_FLOAT) {
    #####:  151:        floatMap::iterator itFloat = indexFloatMap.find(file_path);
    #####:  152:        if (itFloat == indexFloatMap.end()) {
        -:  153:            // cout << "Error:in search index, no index " << file_path <<" exits" << endl;
    #####:  154:			return;
        -:  155:        } else
    #####:  156:            itFloat->second->insertKey(data.dataf, block_id);
        -:  157:    } else {
        2:  158:        stringMap::iterator itString = indexStringMap.find(file_path);
        2:  159:        if (itString == indexStringMap.end()) {
        -:  160:            // cout << "Error:in search index, no index " << file_path <<" exits" << endl;
    #####:  161:            return;
        -:  162:        } else
        2:  163:            itString->second->insertKey(data.datas, block_id);
        -:  164:    }
        -:  165:
        2:  166:    return;
        -:  167:}
------------------
_ZN12IndexManager11insertIndexENSt7__cxx1112basic_stringIcSt11char_traitsIcESaIcEEE4Datai:
------------------
_ZN12IndexManager11insertIndexENSt7__cxx1112basic_stringIcSt11char_traitsIcESaIcEEE4Datai:
------------------
_ZN12IndexManager11insertIndexENSt7__cxx1112basic_stringIcSt11char_traitsIcESaIcEEE4Datai:
------------------
        -:  168:
    #####:  169:void IndexManager::deleteIndexByKey(std::string file_path, Data data)
        -:  170:{
        -:  171:    //setKey(type, key);
        -:  172:
    #####:  173:    if (data.type == TYPE_INT) {
    #####:  174:        intMap::iterator itInt = indexIntMap.find(file_path);
    #####:  175:        if (itInt == indexIntMap.end()) {
        -:  176:            // cout << "Error:in search index, no index " << file_path <<" exits" << endl;
    #####:  177:            return;
        -:  178:        } else
    #####:  179:            itInt->second->deleteKey(data.datai);
    #####:  180:    } else if (data.type == TYPE_FLOAT) {
    #####:  181:        floatMap::iterator itFloat = indexFloatMap.find(file_path);
    #####:  182:        if (itFloat == indexFloatMap.end()) {
        -:  183:            // cout << "Error:in search index, no index " << file_path <<" exits" << endl;
    #####:  184:            return;
        -:  185:        } else
    #####:  186:            itFloat->second->deleteKey(data.dataf);
        -:  187:    } else {
    #####:  188:        stringMap::iterator itString = indexStringMap.find(file_path);
    #####:  189:        if(itString == indexStringMap.end()) {
        -:  190:            // cout << "Error:in search index, no index " << file_path <<" exits" << endl;
    #####:  191:            return;
        -:  192:        }
        -:  193:        else
    #####:  194:			itString->second->deleteKey(data.datas);
        -:  195:    }
        -:  196:}
------------------
_ZN12IndexManager16deleteIndexByKeyENSt7__cxx1112basic_stringIcSt11char_traitsIcESaIcEEE4Data:
------------------
_ZN12IndexManager16deleteIndexByKeyENSt7__cxx1112basic_stringIcSt11char_traitsIcESaIcEEE4Data:
------------------
_ZN12IndexManager16deleteIndexByKeyENSt7__cxx1112basic_stringIcSt11char_traitsIcESaIcEEE4Data:
------------------
        -:  197:
        3:  198:int IndexManager::getDegree(int type)
        -:  199:{
        3:  200:    int degree = (PAGESIZE - sizeof(int)) / (getKeySize(type) + sizeof(int));
        3:  201:    if (degree % 2 == 0)
        3:  202:		degree -= 1;
        3:  203:    return degree;
        -:  204:}
------------------
_ZN12IndexManager9getDegreeEi:
------------------
_ZN12IndexManager9getDegreeEi:
------------------
_ZN12IndexManager9getDegreeEi:
------------------
        -:  205:
        6:  206:int IndexManager::getKeySize(int type)
        -:  207:{
        6:  208:    if (type == TYPE_FLOAT)
    #####:  209:        return sizeof(float);
        6:  210:    else if (type == TYPE_INT)
    #####:  211:        return sizeof(int);
        6:  212:    else if (type > 0)
        6:  213:        return type;
        -:  214:    else {
        -:  215:        // cout << "ERROR: in getKeySize: invalid type" << endl;
    #####:  216:        return -100;
        -:  217:    }
        -:  218:}
------------------
_ZN12IndexManager10getKeySizeEi:
------------------
_ZN12IndexManager10getKeySizeEi:
------------------
_ZN12IndexManager10getKeySizeEi:
------------------
        -:  219:
        1:  220:void IndexManager::searchRange(std::string file_path, Data data1, Data data2, std::vector<int>& vals)
        -:  221:{
        1:  222:    int flag = 0;
        -:  223:    //检测数据类型是否匹配
        1:  224:    if (data1.type == -2) {
    #####:  225:        flag = 1;
        1:  226:    } else if (data2.type == -2) {
    #####:  227:        flag = 2;
        -:  228:    }
        -:  229:    /*
        -:  230:    else if (data1.type != data2.type) {
        -:  231:        // cout << "ERROR: in searchRange: Wrong data type!" << endl;
        -:  232:        return;
        -:  233:    }
        -:  234:     */
        -:  235:    
        1:  236:    if (data1.type == TYPE_INT) {
    #####:  237:        intMap::iterator itInt = indexIntMap.find(file_path);
    #####:  238:        if (itInt == indexIntMap.end()) {
        -:  239:            // cout << "Error:in search index, no index " << file_path <<" exits" << endl;
    #####:  240:            return;
        -:  241:        } else
    #####:  242:            itInt->second->searchRange(data1.datai, data2.datai, vals, flag);
        1:  243:    } else if (data1.type == TYPE_FLOAT) {
    #####:  244:        floatMap::iterator itFloat = indexFloatMap.find(file_path);
    #####:  245:        if (itFloat == indexFloatMap.end()) {
        -:  246:            // cout << "Error:in search index, no index " << file_path <<" exits" << endl;
    #####:  247:            return;
        -:  248:        } else
    #####:  249:            itFloat->second->searchRange(data1.dataf, data2.dataf, vals, flag);
        -:  250:    } else {
        1:  251:        stringMap::iterator itString = indexStringMap.find(file_path);
        1:  252:        if(itString == indexStringMap.end()) {
        -:  253:            // cout << "Error:in search index, no index " << file_path <<" exits" << endl;
    #####:  254:            return;
        -:  255:        }
        -:  256:        else
        1:  257:            itString->second->searchRange(data1.datas, data2.datas, vals, flag);
        -:  258:    }
        -:  259:}
        -:  260:
        -:  261:/*
        -:  262:void IndexManager::setKey(int type, std::tring key)
        -:  263:{
        -:  264:    stringstream ss;
        -:  265:    ss << key;
        -:  266:    if (type == this->TYPE_INT)
        -:  267:        ss >> this->kt.intTmp;
        -:  268:    else if (type == this->TYPE_FLOAT)
        -:  269:        ss >> this->kt.floatTmp;
        -:  270:    else if (type > 0)
        -:  271:        ss >> this->kt.stringTmp;
        -:  272:
        -:  273:    else
        -:  274:        cout << "Error: in getKey: invalid type" << endl;
        -:  275:
        -:  276:
        -:  277:	return;
        -:  278:}
        -:  279:*/
