        -:    0:Source:template_function.h
        -:    0:Programs:6
        -:    1://
        -:    2://  template_function.h
        -:    3://  template_function
        -:    4://
        -:    5://  Created by Hys on 2017/5/30.
        -:    6://  Copyright © 2017年 Hys. All rights reserved.
        -:    7://
        -:    8:#ifndef _TEMPLATE_FUNCTION_H_
        -:    9:#define _TEMPLATE_FUNCTION_H_ 1
        -:   10:#include <sstream>
        -:   11:
        -:   12://以下是几个模版函数，目的是为了简化record_manager中的代码
        -:   13:
        -:   14:template <typename T>
        8:   15:int getDataLength(T data) {
        8:   16:    std::stringstream stream;
        8:   17:    stream << data;
       16:   18:    return stream.str().length();
        -:   19:}
------------------
_Z13getDataLengthIfEiT_:
        2:   15:int getDataLength(T data) {
        2:   16:    std::stringstream stream;
        2:   17:    stream << data;
        4:   18:    return stream.str().length();
        -:   19:}
------------------
_Z13getDataLengthIiEiT_:
        2:   15:int getDataLength(T data) {
        2:   16:    std::stringstream stream;
        2:   17:    stream << data;
        4:   18:    return stream.str().length();
        -:   19:}
------------------
_Z13getDataLengthIfEiT_:
        2:   15:int getDataLength(T data) {
        2:   16:    std::stringstream stream;
        2:   17:    stream << data;
        4:   18:    return stream.str().length();
        -:   19:}
------------------
_Z13getDataLengthIiEiT_:
        2:   15:int getDataLength(T data) {
        2:   16:    std::stringstream stream;
        2:   17:    stream << data;
        4:   18:    return stream.str().length();
        -:   19:}
------------------
        -:   20:
        -:   21:template <typename T>
      12*:   22:bool isSatisfied(T a , T b , WHERE relation) {
      12*:   23:    switch(relation) {
    #####:   24:        case LESS:{
    #####:   25:            if (a < b)
    #####:   26:                return true;
        -:   27:            else
    #####:   28:                return false;
        -:   29:        };break;
    #####:   30:        case LESS_OR_EQUAL:{
    #####:   31:            if (a <= b)
    #####:   32:                return true;
        -:   33:            else
    #####:   34:                return false;
        -:   35:        };break;
      12*:   36:        case EQUAL:{
    #####:   37:            if (a == b)
       6*:   38:                return true;
        -:   39:            else
       6*:   40:                return false;
        -:   41:        };break;
    #####:   42:        case GREATER_OR_EQUAL:{
      12*:   43:            if (a >= b)
    #####:   44:                return true;
        -:   45:            else
    #####:   46:                return false;
        -:   47:        };break;
    #####:   48:        case GREATER:{
    #####:   49:            if (a > b)
    #####:   50:                return true;
        -:   51:            else
    #####:   52:                return false;
        -:   53:        };break;
    #####:   54:        case NOT_EQUAL:{
    #####:   55:            if (a != b)
    #####:   56:                return true;
        -:   57:            else
    #####:   58:                return false;
        -:   59:        };break;
        -:   60:    }
    #####:   61:    return false;
        -:   62:}
------------------
_Z11isSatisfiedINSt7__cxx1112basic_stringIcSt11char_traitsIcESaIcEEEEbT_S6_5WHERE:
        2:   22:bool isSatisfied(T a , T b , WHERE relation) {
        2:   23:    switch(relation) {
    #####:   24:        case LESS:{
    #####:   25:            if (a < b)
    #####:   26:                return true;
        -:   27:            else
    #####:   28:                return false;
        -:   29:        };break;
    #####:   30:        case LESS_OR_EQUAL:{
    #####:   31:            if (a <= b)
    #####:   32:                return true;
        -:   33:            else
    #####:   34:                return false;
        -:   35:        };break;
        2:   36:        case EQUAL:{
    #####:   37:            if (a == b)
        1:   38:                return true;
        -:   39:            else
        1:   40:                return false;
        -:   41:        };break;
    #####:   42:        case GREATER_OR_EQUAL:{
       2*:   43:            if (a >= b)
    #####:   44:                return true;
        -:   45:            else
    #####:   46:                return false;
        -:   47:        };break;
    #####:   48:        case GREATER:{
    #####:   49:            if (a > b)
    #####:   50:                return true;
        -:   51:            else
    #####:   52:                return false;
        -:   53:        };break;
    #####:   54:        case NOT_EQUAL:{
    #####:   55:            if (a != b)
    #####:   56:                return true;
        -:   57:            else
    #####:   58:                return false;
        -:   59:        };break;
        -:   60:    }
    #####:   61:    return false;
        -:   62:}
------------------
_Z11isSatisfiedIfEbT_S0_5WHERE:
    #####:   22:bool isSatisfied(T a , T b , WHERE relation) {
    #####:   23:    switch(relation) {
    #####:   24:        case LESS:{
    #####:   25:            if (a < b)
    #####:   26:                return true;
        -:   27:            else
    #####:   28:                return false;
        -:   29:        };break;
    #####:   30:        case LESS_OR_EQUAL:{
    #####:   31:            if (a <= b)
    #####:   32:                return true;
        -:   33:            else
    #####:   34:                return false;
        -:   35:        };break;
    #####:   36:        case EQUAL:{
    #####:   37:            if (a == b)
    #####:   38:                return true;
        -:   39:            else
    #####:   40:                return false;
        -:   41:        };break;
    #####:   42:        case GREATER_OR_EQUAL:{
    #####:   43:            if (a >= b)
    #####:   44:                return true;
        -:   45:            else
    #####:   46:                return false;
        -:   47:        };break;
    #####:   48:        case GREATER:{
    #####:   49:            if (a > b)
    #####:   50:                return true;
        -:   51:            else
    #####:   52:                return false;
        -:   53:        };break;
    #####:   54:        case NOT_EQUAL:{
    #####:   55:            if (a != b)
    #####:   56:                return true;
        -:   57:            else
    #####:   58:                return false;
        -:   59:        };break;
        -:   60:    }
    #####:   61:    return false;
        -:   62:}
------------------
_Z11isSatisfiedIiEbT_S0_5WHERE:
        4:   22:bool isSatisfied(T a , T b , WHERE relation) {
        4:   23:    switch(relation) {
    #####:   24:        case LESS:{
    #####:   25:            if (a < b)
    #####:   26:                return true;
        -:   27:            else
    #####:   28:                return false;
        -:   29:        };break;
    #####:   30:        case LESS_OR_EQUAL:{
    #####:   31:            if (a <= b)
    #####:   32:                return true;
        -:   33:            else
    #####:   34:                return false;
        -:   35:        };break;
        4:   36:        case EQUAL:{
    #####:   37:            if (a == b)
        2:   38:                return true;
        -:   39:            else
        2:   40:                return false;
        -:   41:        };break;
    #####:   42:        case GREATER_OR_EQUAL:{
       4*:   43:            if (a >= b)
    #####:   44:                return true;
        -:   45:            else
    #####:   46:                return false;
        -:   47:        };break;
    #####:   48:        case GREATER:{
    #####:   49:            if (a > b)
    #####:   50:                return true;
        -:   51:            else
    #####:   52:                return false;
        -:   53:        };break;
    #####:   54:        case NOT_EQUAL:{
    #####:   55:            if (a != b)
    #####:   56:                return true;
        -:   57:            else
    #####:   58:                return false;
        -:   59:        };break;
        -:   60:    }
    #####:   61:    return false;
        -:   62:}
------------------
_Z11isSatisfiedINSt7__cxx1112basic_stringIcSt11char_traitsIcESaIcEEEEbT_S6_5WHERE:
        2:   22:bool isSatisfied(T a , T b , WHERE relation) {
        2:   23:    switch(relation) {
    #####:   24:        case LESS:{
    #####:   25:            if (a < b)
    #####:   26:                return true;
        -:   27:            else
    #####:   28:                return false;
        -:   29:        };break;
    #####:   30:        case LESS_OR_EQUAL:{
    #####:   31:            if (a <= b)
    #####:   32:                return true;
        -:   33:            else
    #####:   34:                return false;
        -:   35:        };break;
        2:   36:        case EQUAL:{
    #####:   37:            if (a == b)
        1:   38:                return true;
        -:   39:            else
        1:   40:                return false;
        -:   41:        };break;
    #####:   42:        case GREATER_OR_EQUAL:{
       2*:   43:            if (a >= b)
    #####:   44:                return true;
        -:   45:            else
    #####:   46:                return false;
        -:   47:        };break;
    #####:   48:        case GREATER:{
    #####:   49:            if (a > b)
    #####:   50:                return true;
        -:   51:            else
    #####:   52:                return false;
        -:   53:        };break;
    #####:   54:        case NOT_EQUAL:{
    #####:   55:            if (a != b)
    #####:   56:                return true;
        -:   57:            else
    #####:   58:                return false;
        -:   59:        };break;
        -:   60:    }
    #####:   61:    return false;
        -:   62:}
------------------
_Z11isSatisfiedIfEbT_S0_5WHERE:
    #####:   22:bool isSatisfied(T a , T b , WHERE relation) {
    #####:   23:    switch(relation) {
    #####:   24:        case LESS:{
    #####:   25:            if (a < b)
    #####:   26:                return true;
        -:   27:            else
    #####:   28:                return false;
        -:   29:        };break;
    #####:   30:        case LESS_OR_EQUAL:{
    #####:   31:            if (a <= b)
    #####:   32:                return true;
        -:   33:            else
    #####:   34:                return false;
        -:   35:        };break;
    #####:   36:        case EQUAL:{
    #####:   37:            if (a == b)
    #####:   38:                return true;
        -:   39:            else
    #####:   40:                return false;
        -:   41:        };break;
    #####:   42:        case GREATER_OR_EQUAL:{
    #####:   43:            if (a >= b)
    #####:   44:                return true;
        -:   45:            else
    #####:   46:                return false;
        -:   47:        };break;
    #####:   48:        case GREATER:{
    #####:   49:            if (a > b)
    #####:   50:                return true;
        -:   51:            else
    #####:   52:                return false;
        -:   53:        };break;
    #####:   54:        case NOT_EQUAL:{
    #####:   55:            if (a != b)
    #####:   56:                return true;
        -:   57:            else
    #####:   58:                return false;
        -:   59:        };break;
        -:   60:    }
    #####:   61:    return false;
        -:   62:}
------------------
_Z11isSatisfiedIiEbT_S0_5WHERE:
        4:   22:bool isSatisfied(T a , T b , WHERE relation) {
        4:   23:    switch(relation) {
    #####:   24:        case LESS:{
    #####:   25:            if (a < b)
    #####:   26:                return true;
        -:   27:            else
    #####:   28:                return false;
        -:   29:        };break;
    #####:   30:        case LESS_OR_EQUAL:{
    #####:   31:            if (a <= b)
    #####:   32:                return true;
        -:   33:            else
    #####:   34:                return false;
        -:   35:        };break;
        4:   36:        case EQUAL:{
    #####:   37:            if (a == b)
        2:   38:                return true;
        -:   39:            else
        2:   40:                return false;
        -:   41:        };break;
    #####:   42:        case GREATER_OR_EQUAL:{
       4*:   43:            if (a >= b)
    #####:   44:                return true;
        -:   45:            else
    #####:   46:                return false;
        -:   47:        };break;
    #####:   48:        case GREATER:{
    #####:   49:            if (a > b)
    #####:   50:                return true;
        -:   51:            else
    #####:   52:                return false;
        -:   53:        };break;
    #####:   54:        case NOT_EQUAL:{
    #####:   55:            if (a != b)
    #####:   56:                return true;
        -:   57:            else
    #####:   58:                return false;
        -:   59:        };break;
        -:   60:    }
    #####:   61:    return false;
        -:   62:}
------------------
        -:   63:
        -:   64:template <typename T>
      28*:   65:void copyString(char* p , int& offset , T data) {
      56*:   66:    std::stringstream stream;
      28*:   67:    stream << data;
      56*:   68:    std::string s1 = stream.str();
     100*:   69:    for (int i = 0;i < s1.length();i++,offset++)
      72*:   70:        p[offset] = s1[i];
      28*:   71:}
------------------
_Z10copyStringIfEvPcRiT_:
    #####:   65:void copyString(char* p , int& offset , T data) {
    #####:   66:    std::stringstream stream;
    #####:   67:    stream << data;
    #####:   68:    std::string s1 = stream.str();
    #####:   69:    for (int i = 0;i < s1.length();i++,offset++)
    #####:   70:        p[offset] = s1[i];
    #####:   71:}
------------------
_Z10copyStringINSt7__cxx1112basic_stringIcSt11char_traitsIcESaIcEEEEvPcRiT_:
    #####:   65:void copyString(char* p , int& offset , T data) {
    #####:   66:    std::stringstream stream;
    #####:   67:    stream << data;
    #####:   68:    std::string s1 = stream.str();
    #####:   69:    for (int i = 0;i < s1.length();i++,offset++)
    #####:   70:        p[offset] = s1[i];
    #####:   71:}
------------------
_Z10copyStringIiEvPcRiT_:
    #####:   65:void copyString(char* p , int& offset , T data) {
    #####:   66:    std::stringstream stream;
    #####:   67:    stream << data;
    #####:   68:    std::string s1 = stream.str();
    #####:   69:    for (int i = 0;i < s1.length();i++,offset++)
    #####:   70:        p[offset] = s1[i];
    #####:   71:}
------------------
_Z10copyStringIfEvPcRiT_:
    #####:   65:void copyString(char* p , int& offset , T data) {
    #####:   66:    std::stringstream stream;
    #####:   67:    stream << data;
    #####:   68:    std::string s1 = stream.str();
    #####:   69:    for (int i = 0;i < s1.length();i++,offset++)
    #####:   70:        p[offset] = s1[i];
    #####:   71:}
------------------
_Z10copyStringINSt7__cxx1112basic_stringIcSt11char_traitsIcESaIcEEEEvPcRiT_:
    #####:   65:void copyString(char* p , int& offset , T data) {
    #####:   66:    std::stringstream stream;
    #####:   67:    stream << data;
    #####:   68:    std::string s1 = stream.str();
    #####:   69:    for (int i = 0;i < s1.length();i++,offset++)
    #####:   70:        p[offset] = s1[i];
    #####:   71:}
------------------
_Z10copyStringIiEvPcRiT_:
    #####:   65:void copyString(char* p , int& offset , T data) {
    #####:   66:    std::stringstream stream;
    #####:   67:    stream << data;
    #####:   68:    std::string s1 = stream.str();
    #####:   69:    for (int i = 0;i < s1.length();i++,offset++)
    #####:   70:        p[offset] = s1[i];
    #####:   71:}
------------------
_Z10copyStringINSt7__cxx1112basic_stringIcSt11char_traitsIcESaIcEEEEvPcRiT_:
        6:   65:void copyString(char* p , int& offset , T data) {
       12:   66:    std::stringstream stream;
        6:   67:    stream << data;
       12:   68:    std::string s1 = stream.str();
       30:   69:    for (int i = 0;i < s1.length();i++,offset++)
       24:   70:        p[offset] = s1[i];
        6:   71:}
------------------
_Z10copyStringIfEvPcRiT_:
        2:   65:void copyString(char* p , int& offset , T data) {
        4:   66:    std::stringstream stream;
        2:   67:    stream << data;
        4:   68:    std::string s1 = stream.str();
        8:   69:    for (int i = 0;i < s1.length();i++,offset++)
        6:   70:        p[offset] = s1[i];
        2:   71:}
------------------
_Z10copyStringIiEvPcRiT_:
        6:   65:void copyString(char* p , int& offset , T data) {
       12:   66:    std::stringstream stream;
        6:   67:    stream << data;
       12:   68:    std::string s1 = stream.str();
       12:   69:    for (int i = 0;i < s1.length();i++,offset++)
        6:   70:        p[offset] = s1[i];
        6:   71:}
------------------
_Z10copyStringIfEvPcRiT_:
    #####:   65:void copyString(char* p , int& offset , T data) {
    #####:   66:    std::stringstream stream;
    #####:   67:    stream << data;
    #####:   68:    std::string s1 = stream.str();
    #####:   69:    for (int i = 0;i < s1.length();i++,offset++)
    #####:   70:        p[offset] = s1[i];
    #####:   71:}
------------------
_Z10copyStringINSt7__cxx1112basic_stringIcSt11char_traitsIcESaIcEEEEvPcRiT_:
    #####:   65:void copyString(char* p , int& offset , T data) {
    #####:   66:    std::stringstream stream;
    #####:   67:    stream << data;
    #####:   68:    std::string s1 = stream.str();
    #####:   69:    for (int i = 0;i < s1.length();i++,offset++)
    #####:   70:        p[offset] = s1[i];
    #####:   71:}
------------------
_Z10copyStringIiEvPcRiT_:
    #####:   65:void copyString(char* p , int& offset , T data) {
    #####:   66:    std::stringstream stream;
    #####:   67:    stream << data;
    #####:   68:    std::string s1 = stream.str();
    #####:   69:    for (int i = 0;i < s1.length();i++,offset++)
    #####:   70:        p[offset] = s1[i];
    #####:   71:}
------------------
_Z10copyStringINSt7__cxx1112basic_stringIcSt11char_traitsIcESaIcEEEEvPcRiT_:
        6:   65:void copyString(char* p , int& offset , T data) {
       12:   66:    std::stringstream stream;
        6:   67:    stream << data;
       12:   68:    std::string s1 = stream.str();
       30:   69:    for (int i = 0;i < s1.length();i++,offset++)
       24:   70:        p[offset] = s1[i];
        6:   71:}
------------------
_Z10copyStringIfEvPcRiT_:
        2:   65:void copyString(char* p , int& offset , T data) {
        4:   66:    std::stringstream stream;
        2:   67:    stream << data;
        4:   68:    std::string s1 = stream.str();
        8:   69:    for (int i = 0;i < s1.length();i++,offset++)
        6:   70:        p[offset] = s1[i];
        2:   71:}
------------------
_Z10copyStringIiEvPcRiT_:
        6:   65:void copyString(char* p , int& offset , T data) {
       12:   66:    std::stringstream stream;
        6:   67:    stream << data;
       12:   68:    std::string s1 = stream.str();
       12:   69:    for (int i = 0;i < s1.length();i++,offset++)
        6:   70:        p[offset] = s1[i];
        6:   71:}
------------------
        -:   72:
        -:   73:#endif
